[debug] [2021-08-03T07:23:20.163Z] ----------------------------------------------------------------------
[debug] [2021-08-03T07:23:20.165Z] Command:       C:\Program Files\nodejs\node.exe C:\Users\lenovo\AppData\Roaming\npm\node_modules\firebase-tools\lib\bin\firebase.js init
[debug] [2021-08-03T07:23:20.165Z] CLI Version:   9.16.0
[debug] [2021-08-03T07:23:20.165Z] Platform:      win32
[debug] [2021-08-03T07:23:20.166Z] Node Version:  v12.16.2
[debug] [2021-08-03T07:23:20.167Z] Time:          Tue Aug 03 2021 12:53:20 GMT+0530 (India Standard Time)
[debug] [2021-08-03T07:23:20.167Z] ----------------------------------------------------------------------
[debug] 
[debug] [2021-08-03T07:23:20.177Z] > command requires scopes: ["email","openid","https://www.googleapis.com/auth/cloudplatformprojects.readonly","https://www.googleapis.com/auth/firebase","https://www.googleapis.com/auth/cloud-platform"]
[debug] [2021-08-03T07:23:20.177Z] > authorizing via signed-in user (pradhanatharv79@gmail.com)
[info] 
     ######## #### ########  ######## ########     ###     ######  ########
     ##        ##  ##     ## ##       ##     ##  ##   ##  ##       ##
     ######    ##  ########  ######   ########  #########  ######  ######
     ##        ##  ##    ##  ##       ##     ## ##     ##       ## ##
     ##       #### ##     ## ######## ########  ##     ##  ######  ########

You're about to initialize a Firebase project in this directory:

  C:\Users\lenovo\Django\Quiz

[info] 
=== Project Setup
[info] 
[info] First, let's associate this project directory with a Firebase project.
[info] You can create multiple project aliases by running firebase use --add, 
[info] but for now we'll just set up a default project.
[info] 
[debug] [2021-08-03T07:23:37.571Z] >>> [apiv2][query] GET https://firebase.googleapis.com/v1beta1/projects pageSize=100
[debug] [2021-08-03T07:23:38.522Z] <<< [apiv2][status] GET https://firebase.googleapis.com/v1beta1/projects 200
[debug] [2021-08-03T07:23:38.523Z] <<< [apiv2][body] GET https://firebase.googleapis.com/v1beta1/projects [omitted]
[info] i  Using project gquizapp (gquizapp) 
[info] 
=== Hosting Setup
[info] 
[info] Your public directory is the folder (relative to your project directory) that
[info] will contain Hosting assets to be uploaded with firebase deploy. If you
[info] have a build process for your assets, use your build's output directory.
[info] 
